<?xml version="1.0" encoding="UTF-8"?>
<!-- Generated by org.testng.reporters.JUnitReportReporter -->
<testsuite hostname="S3NPAI" failures="0" tests="3" name="com.example.NewTest2" time="0.003" errors="0" timestamp="2024-01-04T10:26:57 IST" skipped="0">
  <testcase classname="com.example.NewTest2" name="test6" time="0.001"/>
  <system-out/>
  <testcase classname="com.example.NewTest2" name="test4" time="0.001"/>
  <system-out/>
  <testcase classname="com.example.NewTest2" name="test5" time="0.001"/>
  <system-out/>
</testsuite> <!-- com.example.NewTest2 -->
