<?xml version="1.0" encoding="UTF-8"?>
<!-- Generated by org.testng.reporters.JUnitReportReporter -->
<testsuite hostname="S3NPAI" failures="0" tests="1" name="com.example.Feedback" time="3.401" errors="0" timestamp="2024-01-23T10:49:25 IST" skipped="0">
  <testcase classname="com.example.Feedback" name="feedback" time="3.401"/>
  <system-out/>
</testsuite> <!-- com.example.Feedback -->
