<?xml version="1.0" encoding="UTF-8"?>
<!-- Generated by org.testng.reporters.JUnitReportReporter -->
<testsuite hostname="S3NPAI" failures="0" tests="1" name="com.example.LoginFacebook" time="1.527" errors="0" timestamp="2024-01-17T20:41:48 IST" skipped="0">
  <testcase classname="com.example.LoginFacebook" name="test1" time="1.527"/>
  <system-out/>
</testsuite> <!-- com.example.LoginFacebook -->
