<?xml version="1.0" encoding="UTF-8"?>
<!-- Generated by org.testng.reporters.JUnitReportReporter -->
<testsuite hostname="S3NPAI" failures="0" tests="1" name="com.example.AllotKeeper" time="3.209" errors="0" timestamp="2024-01-23T09:44:23 IST" skipped="0">
  <testcase classname="com.example.AllotKeeper" name="studentLogin" time="3.209"/>
  <system-out/>
</testsuite> <!-- com.example.AllotKeeper -->
