<?xml version="1.0" encoding="UTF-8"?>
<!-- Generated by org.testng.reporters.JUnitReportReporter -->
<testsuite hostname="S3NPAI" failures="0" tests="4" name="com.example.TestNG" time="0.014" errors="0" timestamp="2024-01-16T18:05:50 IST" skipped="0">
  <testcase classname="com.example.TestNG" name="c_method" time="0.010"/>
  <system-out/>
  <testcase classname="com.example.TestNG" name="d_method" time="0.001"/>
  <system-out/>
  <testcase classname="com.example.TestNG" name="b_method" time="0.001"/>
  <system-out/>
  <testcase classname="com.example.TestNG" name="a_method" time="0.002"/>
  <system-out/>
</testsuite> <!-- com.example.TestNG -->
