<?xml version="1.0" encoding="UTF-8"?>
<!-- Generated by org.testng.reporters.JUnitReportReporter -->
<testsuite hostname="S3NPAI" failures="0" tests="4" name="com.example.NewTest1" time="0.020" errors="0" timestamp="2024-01-14T15:08:22 IST" skipped="0">
  <testcase classname="com.example.NewTest1" name="c_method" time="0.016"/>
  <system-out/>
  <testcase classname="com.example.NewTest1" name="d_method" time="0.001"/>
  <system-out/>
  <testcase classname="com.example.NewTest1" name="b_method" time="0.002"/>
  <system-out/>
  <testcase classname="com.example.NewTest1" name="a_method" time="0.001"/>
  <system-out/>
</testsuite> <!-- com.example.NewTest1 -->
