<?xml version="1.0" encoding="UTF-8"?>
<!-- Generated by org.testng.reporters.JUnitReportReporter -->
<testsuite hostname="S3NPAI" failures="0" tests="1" name="com.example.RegisterStudent" time="3.130" errors="0" timestamp="2024-01-23T16:35:11 IST" skipped="0">
  <testcase classname="com.example.RegisterStudent" name="feedback" time="3.130"/>
  <system-out/>
</testsuite> <!-- com.example.RegisterStudent -->
