<?xml version="1.0" encoding="UTF-8"?>
<!-- Generated by org.testng.reporters.JUnitReportReporter -->
<testsuite hostname="S3NPAI" failures="0" tests="1" name="com.example.Student" time="9.798" errors="0" timestamp="2024-01-22T21:31:45 IST" skipped="0">
  <testcase classname="com.example.Student" name="studentLogin" time="9.798"/>
  <system-out/>
</testsuite> <!-- com.example.Student -->
