<?xml version="1.0" encoding="UTF-8"?>
<!-- Generated by org.testng.reporters.JUnitReportReporter -->
<testsuite hostname="S3NPAI" failures="0" tests="1" name="com.example.StudentRequest" time="9.578" errors="0" timestamp="2024-01-23T09:33:47 IST" skipped="0">
  <testcase classname="com.example.StudentRequest" name="studentLogin" time="9.578"/>
  <system-out/>
</testsuite> <!-- com.example.StudentRequest -->
