<?xml version="1.0" encoding="UTF-8"?>
<!-- Generated by org.testng.reporters.JUnitReportReporter -->
<testsuite hostname="S3NPAI" failures="0" tests="3" name="com.example.TestTitle$TestTittle" time="0.019" errors="0" timestamp="2024-01-19T13:31:44 IST" skipped="0">
  <testcase classname="com.example.TestTitle$TestTittle" name="testMethod1ForGroupA" time="0.017"/>
  <system-out/>
  <testcase classname="com.example.TestTitle$TestTittle" name="dependentTestOnGroupA" time="0.001"/>
  <system-out/>
  <testcase classname="com.example.TestTitle$TestTittle" name="testMethod2ForGroupA" time="0.001"/>
  <system-out/>
</testsuite> <!-- com.example.TestTitle$TestTittle -->
