<?xml version="1.0" encoding="UTF-8"?>
<!-- Generated by org.testng.reporters.JUnitReportReporter -->
<testsuite hostname="S3NPAI" failures="0" tests="1" name="com.example.NewTest" time="3.278" errors="0" timestamp="2024-01-04T15:28:51 IST" skipped="0">
  <testcase classname="com.example.NewTest" name="test1" time="3.278"/>
  <system-out/>
</testsuite> <!-- com.example.NewTest -->
